Analysis & Synthesis report for Calculator
Fri May 24 16:33:29 2019
Quartus II 64-Bit Version 13.0.1 Build 232 06/12/2013 Service Pack 1 SJ Web Edition


---------------------
; Table of Contents ;
---------------------
  1. Legal Notice
  2. Analysis & Synthesis Summary
  3. Analysis & Synthesis Settings
  4. Parallel Compilation
  5. Analysis & Synthesis Source Files Read
  6. Analysis & Synthesis Resource Usage Summary
  7. Analysis & Synthesis Resource Utilization by Entity
  8. User-Specified and Inferred Latches
  9. General Register Statistics
 10. Inverted Register Statistics
 11. Multiplexer Restructuring Statistics (Restructuring Performed)
 12. Elapsed Time Per Partition
 13. Analysis & Synthesis Messages



----------------
; Legal Notice ;
----------------
Copyright (C) 1991-2013 Altera Corporation
Your use of Altera Corporation's design tools, logic functions 
and other software and tools, and its AMPP partner logic 
functions, and any output files from any of the foregoing 
(including device programming or simulation files), and any 
associated documentation or information are expressly subject 
to the terms and conditions of the Altera Program License 
Subscription Agreement, Altera MegaCore Function License 
Agreement, or other applicable license agreement, including, 
without limitation, that your use is for the sole purpose of 
programming logic devices manufactured by Altera and sold by 
Altera or its authorized distributors.  Please refer to the 
applicable agreement for further details.



+--------------------------------------------------------------------------------------+
; Analysis & Synthesis Summary                                                         ;
+------------------------------------+-------------------------------------------------+
; Analysis & Synthesis Status        ; Successful - Fri May 24 16:33:29 2019           ;
; Quartus II 64-Bit Version          ; 13.0.1 Build 232 06/12/2013 SP 1 SJ Web Edition ;
; Revision Name                      ; Calculator                                      ;
; Top-level Entity Name              ; Calculator                                      ;
; Family                             ; Cyclone III                                     ;
; Total logic elements               ; 133                                             ;
;     Total combinational functions  ; 133                                             ;
;     Dedicated logic registers      ; 13                                              ;
; Total registers                    ; 13                                              ;
; Total pins                         ; 23                                              ;
; Total virtual pins                 ; 0                                               ;
; Total memory bits                  ; 0                                               ;
; Embedded Multiplier 9-bit elements ; 0                                               ;
; Total PLLs                         ; 0                                               ;
+------------------------------------+-------------------------------------------------+


+----------------------------------------------------------------------------------------------------------------------+
; Analysis & Synthesis Settings                                                                                        ;
+----------------------------------------------------------------------------+--------------------+--------------------+
; Option                                                                     ; Setting            ; Default Value      ;
+----------------------------------------------------------------------------+--------------------+--------------------+
; Device                                                                     ; EP3C16F484C6       ;                    ;
; Top-level entity name                                                      ; Calculator         ; Calculator         ;
; Family name                                                                ; Cyclone III        ; Cyclone IV GX      ;
; Use smart compilation                                                      ; Off                ; Off                ;
; Enable parallel Assembler and TimeQuest Timing Analyzer during compilation ; On                 ; On                 ;
; Enable compact report table                                                ; Off                ; Off                ;
; Restructure Multiplexers                                                   ; Auto               ; Auto               ;
; Create Debugging Nodes for IP Cores                                        ; Off                ; Off                ;
; Preserve fewer node names                                                  ; On                 ; On                 ;
; Disable OpenCore Plus hardware evaluation                                  ; Off                ; Off                ;
; Verilog Version                                                            ; Verilog_2001       ; Verilog_2001       ;
; VHDL Version                                                               ; VHDL_1993          ; VHDL_1993          ;
; State Machine Processing                                                   ; Auto               ; Auto               ;
; Safe State Machine                                                         ; Off                ; Off                ;
; Extract Verilog State Machines                                             ; On                 ; On                 ;
; Extract VHDL State Machines                                                ; On                 ; On                 ;
; Ignore Verilog initial constructs                                          ; Off                ; Off                ;
; Iteration limit for constant Verilog loops                                 ; 5000               ; 5000               ;
; Iteration limit for non-constant Verilog loops                             ; 250                ; 250                ;
; Add Pass-Through Logic to Inferred RAMs                                    ; On                 ; On                 ;
; Infer RAMs from Raw Logic                                                  ; On                 ; On                 ;
; Parallel Synthesis                                                         ; On                 ; On                 ;
; DSP Block Balancing                                                        ; Auto               ; Auto               ;
; NOT Gate Push-Back                                                         ; On                 ; On                 ;
; Power-Up Don't Care                                                        ; On                 ; On                 ;
; Remove Redundant Logic Cells                                               ; Off                ; Off                ;
; Remove Duplicate Registers                                                 ; On                 ; On                 ;
; Ignore CARRY Buffers                                                       ; Off                ; Off                ;
; Ignore CASCADE Buffers                                                     ; Off                ; Off                ;
; Ignore GLOBAL Buffers                                                      ; Off                ; Off                ;
; Ignore ROW GLOBAL Buffers                                                  ; Off                ; Off                ;
; Ignore LCELL Buffers                                                       ; Off                ; Off                ;
; Ignore SOFT Buffers                                                        ; On                 ; On                 ;
; Limit AHDL Integers to 32 Bits                                             ; Off                ; Off                ;
; Optimization Technique                                                     ; Balanced           ; Balanced           ;
; Carry Chain Length                                                         ; 70                 ; 70                 ;
; Auto Carry Chains                                                          ; On                 ; On                 ;
; Auto Open-Drain Pins                                                       ; On                 ; On                 ;
; Perform WYSIWYG Primitive Resynthesis                                      ; Off                ; Off                ;
; Auto ROM Replacement                                                       ; On                 ; On                 ;
; Auto RAM Replacement                                                       ; On                 ; On                 ;
; Auto DSP Block Replacement                                                 ; On                 ; On                 ;
; Auto Shift Register Replacement                                            ; Auto               ; Auto               ;
; Allow Shift Register Merging across Hierarchies                            ; Auto               ; Auto               ;
; Auto Clock Enable Replacement                                              ; On                 ; On                 ;
; Strict RAM Replacement                                                     ; Off                ; Off                ;
; Allow Synchronous Control Signals                                          ; On                 ; On                 ;
; Force Use of Synchronous Clear Signals                                     ; Off                ; Off                ;
; Auto RAM Block Balancing                                                   ; On                 ; On                 ;
; Auto RAM to Logic Cell Conversion                                          ; Off                ; Off                ;
; Auto Resource Sharing                                                      ; Off                ; Off                ;
; Allow Any RAM Size For Recognition                                         ; Off                ; Off                ;
; Allow Any ROM Size For Recognition                                         ; Off                ; Off                ;
; Allow Any Shift Register Size For Recognition                              ; Off                ; Off                ;
; Use LogicLock Constraints during Resource Balancing                        ; On                 ; On                 ;
; Ignore translate_off and synthesis_off directives                          ; Off                ; Off                ;
; Timing-Driven Synthesis                                                    ; On                 ; On                 ;
; Report Parameter Settings                                                  ; On                 ; On                 ;
; Report Source Assignments                                                  ; On                 ; On                 ;
; Report Connectivity Checks                                                 ; On                 ; On                 ;
; Ignore Maximum Fan-Out Assignments                                         ; Off                ; Off                ;
; Synchronization Register Chain Length                                      ; 2                  ; 2                  ;
; PowerPlay Power Optimization                                               ; Normal compilation ; Normal compilation ;
; HDL message level                                                          ; Level2             ; Level2             ;
; Suppress Register Optimization Related Messages                            ; Off                ; Off                ;
; Number of Removed Registers Reported in Synthesis Report                   ; 5000               ; 5000               ;
; Number of Swept Nodes Reported in Synthesis Report                         ; 5000               ; 5000               ;
; Number of Inverted Registers Reported in Synthesis Report                  ; 100                ; 100                ;
; Clock MUX Protection                                                       ; On                 ; On                 ;
; Auto Gated Clock Conversion                                                ; Off                ; Off                ;
; Block Design Naming                                                        ; Auto               ; Auto               ;
; SDC constraint protection                                                  ; Off                ; Off                ;
; Synthesis Effort                                                           ; Auto               ; Auto               ;
; Shift Register Replacement - Allow Asynchronous Clear Signal               ; On                 ; On                 ;
; Pre-Mapping Resynthesis Optimization                                       ; Off                ; Off                ;
; Analysis & Synthesis Message Level                                         ; Medium             ; Medium             ;
; Disable Register Merging Across Hierarchies                                ; Auto               ; Auto               ;
; Resource Aware Inference For Block RAM                                     ; On                 ; On                 ;
; Synthesis Seed                                                             ; 1                  ; 1                  ;
+----------------------------------------------------------------------------+--------------------+--------------------+


Parallel compilation was disabled, but you have multiple processors available. Enable parallel compilation to reduce compilation time.
+-------------------------------------+
; Parallel Compilation                ;
+----------------------------+--------+
; Processors                 ; Number ;
+----------------------------+--------+
; Number detected on machine ; 8      ;
; Maximum allowed            ; 1      ;
+----------------------------+--------+


+-----------------------------------------------------------------------------------------------------------------------------------------------------------------------------------------+
; Analysis & Synthesis Source Files Read                                                                                                                                                  ;
+----------------------------------+-----------------+------------------------------------+-------------------------------------------------------------------------------------+---------+
; File Name with User-Entered Path ; Used in Netlist ; File Type                          ; File Name with Absolute Path                                                        ; Library ;
+----------------------------------+-----------------+------------------------------------+-------------------------------------------------------------------------------------+---------+
; Datapath.bdf                     ; yes             ; User Block Diagram/Schematic File  ; C:/Users/ilknu/OneDrive/Desktop/Files/Quartus/Final V2/Calculator/Datapath.bdf      ;         ;
; Register_4bit.vhd                ; yes             ; User VHDL File                     ; C:/Users/ilknu/OneDrive/Desktop/Files/Quartus/Final V2/Calculator/Register_4bit.vhd ;         ;
; mux8to1.vhd                      ; yes             ; User VHDL File                     ; C:/Users/ilknu/OneDrive/Desktop/Files/Quartus/Final V2/Calculator/mux8to1.vhd       ;         ;
; mux4x2to1.vhd                    ; yes             ; User VHDL File                     ; C:/Users/ilknu/OneDrive/Desktop/Files/Quartus/Final V2/Calculator/mux4x2to1.vhd     ;         ;
; MUX2X1.vhd                       ; yes             ; User VHDL File                     ; C:/Users/ilknu/OneDrive/Desktop/Files/Quartus/Final V2/Calculator/MUX2X1.vhd        ;         ;
; LRS.vhd                          ; yes             ; User VHDL File                     ; C:/Users/ilknu/OneDrive/Desktop/Files/Quartus/Final V2/Calculator/LRS.vhd           ;         ;
; LLS.vhd                          ; yes             ; User VHDL File                     ; C:/Users/ilknu/OneDrive/Desktop/Files/Quartus/Final V2/Calculator/LLS.vhd           ;         ;
; FSM.vhd                          ; yes             ; User VHDL File                     ; C:/Users/ilknu/OneDrive/Desktop/Files/Quartus/Final V2/Calculator/FSM.vhd           ;         ;
; dec7segment.vhd                  ; yes             ; User VHDL File                     ; C:/Users/ilknu/OneDrive/Desktop/Files/Quartus/Final V2/Calculator/dec7segment.vhd   ;         ;
; ARS.vhd                          ; yes             ; User VHDL File                     ; C:/Users/ilknu/OneDrive/Desktop/Files/Quartus/Final V2/Calculator/ARS.vhd           ;         ;
; ALU.vhd                          ; yes             ; User VHDL File                     ; C:/Users/ilknu/OneDrive/Desktop/Files/Quartus/Final V2/Calculator/ALU.vhd           ;         ;
; Calculator.bdf                   ; yes             ; User Block Diagram/Schematic File  ; C:/Users/ilknu/OneDrive/Desktop/Files/Quartus/Final V2/Calculator/Calculator.bdf    ;         ;
+----------------------------------+-----------------+------------------------------------+-------------------------------------------------------------------------------------+---------+


+------------------------------------------------------------+
; Analysis & Synthesis Resource Usage Summary                ;
+---------------------------------------------+--------------+
; Resource                                    ; Usage        ;
+---------------------------------------------+--------------+
; Estimated Total logic elements              ; 133          ;
;                                             ;              ;
; Total combinational functions               ; 133          ;
; Logic element usage by number of LUT inputs ;              ;
;     -- 4 input functions                    ; 73           ;
;     -- 3 input functions                    ; 44           ;
;     -- <=2 input functions                  ; 16           ;
;                                             ;              ;
; Logic elements by mode                      ;              ;
;     -- normal mode                          ; 128          ;
;     -- arithmetic mode                      ; 5            ;
;                                             ;              ;
; Total registers                             ; 13           ;
;     -- Dedicated logic registers            ; 13           ;
;     -- I/O registers                        ; 0            ;
;                                             ;              ;
; I/O pins                                    ; 23           ;
; Embedded Multiplier 9-bit elements          ; 0            ;
; Maximum fan-out node                        ; MOP[0]~input ;
; Maximum fan-out                             ; 22           ;
; Total fan-out                               ; 542          ;
; Average fan-out                             ; 2.82         ;
+---------------------------------------------+--------------+


+--------------------------------------------------------------------------------------------------------------------------------------------------------------------------------------------------------+
; Analysis & Synthesis Resource Utilization by Entity                                                                                                                                                    ;
+-----------------------------+-------------------+--------------+-------------+--------------+---------+-----------+------+--------------+-----------------------------------------------+--------------+
; Compilation Hierarchy Node  ; LC Combinationals ; LC Registers ; Memory Bits ; DSP Elements ; DSP 9x9 ; DSP 18x18 ; Pins ; Virtual Pins ; Full Hierarchy Name                           ; Library Name ;
+-----------------------------+-------------------+--------------+-------------+--------------+---------+-----------+------+--------------+-----------------------------------------------+--------------+
; |Calculator                 ; 133 (0)           ; 13 (0)       ; 0           ; 0            ; 0       ; 0         ; 23   ; 0            ; |Calculator                                   ; work         ;
;    |Datapath:inst|          ; 58 (0)            ; 8 (0)        ; 0           ; 0            ; 0       ; 0         ; 0    ; 0            ; |Calculator|Datapath:inst                     ; work         ;
;       |alu:inst6|           ; 15 (15)           ; 0 (0)        ; 0           ; 0            ; 0       ; 0         ; 0    ; 0            ; |Calculator|Datapath:inst|alu:inst6           ; work         ;
;       |mux4x2to1:inst4|     ; 4 (4)             ; 0 (0)        ; 0           ; 0            ; 0       ; 0         ; 0    ; 0            ; |Calculator|Datapath:inst|mux4x2to1:inst4     ; work         ;
;       |mux8to1:inst|        ; 14 (14)           ; 0 (0)        ; 0           ; 0            ; 0       ; 0         ; 0    ; 0            ; |Calculator|Datapath:inst|mux8to1:inst        ; work         ;
;       |register_4bit:inst2| ; 9 (9)             ; 4 (4)        ; 0           ; 0            ; 0       ; 0         ; 0    ; 0            ; |Calculator|Datapath:inst|register_4bit:inst2 ; work         ;
;       |register_4bit:inst5| ; 16 (16)           ; 4 (4)        ; 0           ; 0            ; 0       ; 0         ; 0    ; 0            ; |Calculator|Datapath:inst|register_4bit:inst5 ; work         ;
;    |FSM:inst2|              ; 62 (62)           ; 5 (5)        ; 0           ; 0            ; 0       ; 0         ; 0    ; 0            ; |Calculator|FSM:inst2                         ; work         ;
;    |MUX2X1:inst3|           ; 2 (2)             ; 0 (0)        ; 0           ; 0            ; 0       ; 0         ; 0    ; 0            ; |Calculator|MUX2X1:inst3                      ; work         ;
;    |dec7segment:inst5|      ; 7 (7)             ; 0 (0)        ; 0           ; 0            ; 0       ; 0         ; 0    ; 0            ; |Calculator|dec7segment:inst5                 ; work         ;
;    |mux4x2to1:inst4|        ; 4 (4)             ; 0 (0)        ; 0           ; 0            ; 0       ; 0         ; 0    ; 0            ; |Calculator|mux4x2to1:inst4                   ; work         ;
+-----------------------------+-------------------+--------------+-------------+--------------+---------+-----------+------+--------------+-----------------------------------------------+--------------+
Note: For table entries with two numbers listed, the numbers in parentheses indicate the number of resources of the given type used by the specific entity alone. The numbers listed outside of parentheses indicate the total resources of the given type used by the specific entity and all of its sub-entities in the hierarchy.


+------------------------------------------------------------------------------------------------------+
; User-Specified and Inferred Latches                                                                  ;
+----------------------------------------------------+------------------------+------------------------+
; Latch Name                                         ; Latch Enable Signal    ; Free of Timing Hazards ;
+----------------------------------------------------+------------------------+------------------------+
; FSM:inst2|out_state[2]                             ; FSM:inst2|out_state[3] ; yes                    ;
; FSM:inst2|out_state[1]                             ; FSM:inst2|out_state[3] ; yes                    ;
; FSM:inst2|out_state[0]                             ; FSM:inst2|out_state[3] ; yes                    ;
; Number of user-specified and inferred latches = 3  ;                        ;                        ;
+----------------------------------------------------+------------------------+------------------------+
Note: All latches listed above may not be present at the end of synthesis due to various synthesis optimizations.


+------------------------------------------------------+
; General Register Statistics                          ;
+----------------------------------------------+-------+
; Statistic                                    ; Value ;
+----------------------------------------------+-------+
; Total registers                              ; 13    ;
; Number of registers using Synchronous Clear  ; 4     ;
; Number of registers using Synchronous Load   ; 4     ;
; Number of registers using Asynchronous Clear ; 5     ;
; Number of registers using Asynchronous Load  ; 0     ;
; Number of registers using Clock Enable       ; 8     ;
; Number of registers using Preset             ; 0     ;
+----------------------------------------------+-------+


+--------------------------------------------------+
; Inverted Register Statistics                     ;
+----------------------------------------+---------+
; Inverted Register                      ; Fan out ;
+----------------------------------------+---------+
; FSM:inst2|y_present[0]                 ; 13      ;
; Total number of inverted registers = 1 ;         ;
+----------------------------------------+---------+


+-----------------------------------------------------------------------------------------------------------------------------------------------------------------------+
; Multiplexer Restructuring Statistics (Restructuring Performed)                                                                                                        ;
+--------------------+-----------+---------------+----------------------+------------------------+------------+---------------------------------------------------------+
; Multiplexer Inputs ; Bus Width ; Baseline Area ; Area if Restructured ; Saving if Restructured ; Registered ; Example Multiplexer Output                              ;
+--------------------+-----------+---------------+----------------------+------------------------+------------+---------------------------------------------------------+
; 3:1                ; 4 bits    ; 8 LEs         ; 4 LEs                ; 4 LEs                  ; Yes        ; |Calculator|Datapath:inst|register_4bit:inst2|Output[2] ;
; 10:1               ; 4 bits    ; 24 LEs        ; 16 LEs               ; 8 LEs                  ; Yes        ; |Calculator|Datapath:inst|register_4bit:inst5|Output[1] ;
; 3:1                ; 3 bits    ; 6 LEs         ; 6 LEs                ; 0 LEs                  ; No         ; |Calculator|FSM:inst2|out_state[1]                      ;
; 3:1                ; 4 bits    ; 8 LEs         ; 4 LEs                ; 4 LEs                  ; No         ; |Calculator|Datapath:inst|alu:inst6|Add0                ;
; 3:1                ; 4 bits    ; 8 LEs         ; 4 LEs                ; 4 LEs                  ; No         ; |Calculator|Datapath:inst|alu:inst6|Add0                ;
+--------------------+-----------+---------------+----------------------+------------------------+------------+---------------------------------------------------------+


+-------------------------------+
; Elapsed Time Per Partition    ;
+----------------+--------------+
; Partition Name ; Elapsed Time ;
+----------------+--------------+
; Top            ; 00:00:00     ;
+----------------+--------------+


+-------------------------------+
; Analysis & Synthesis Messages ;
+-------------------------------+
Info: *******************************************************************
Info: Running Quartus II 64-Bit Analysis & Synthesis
    Info: Version 13.0.1 Build 232 06/12/2013 Service Pack 1 SJ Web Edition
    Info: Processing started: Fri May 24 16:33:27 2019
Info: Command: quartus_map --read_settings_files=on --write_settings_files=off Calculator -c Calculator
Warning (20028): Parallel compilation is not licensed and has been disabled
Info (12021): Found 1 design units, including 1 entities, in source file datapath.bdf
    Info (12023): Found entity 1: Datapath
Info (12021): Found 2 design units, including 1 entities, in source file register_4bit.vhd
    Info (12022): Found design unit 1: register_4bit-Behavioral
    Info (12023): Found entity 1: register_4bit
Info (12021): Found 2 design units, including 1 entities, in source file mux8to1.vhd
    Info (12022): Found design unit 1: mux8to1-Behavior
    Info (12023): Found entity 1: mux8to1
Info (12021): Found 2 design units, including 1 entities, in source file mux4x2to1.vhd
    Info (12022): Found design unit 1: mux4x2to1-Behavior
    Info (12023): Found entity 1: mux4x2to1
Info (12021): Found 2 design units, including 1 entities, in source file mux2x1.vhd
    Info (12022): Found design unit 1: MUX2X1-Behavior
    Info (12023): Found entity 1: MUX2X1
Info (12021): Found 2 design units, including 1 entities, in source file lrs.vhd
    Info (12022): Found design unit 1: LRS-Behavioral
    Info (12023): Found entity 1: LRS
Info (12021): Found 2 design units, including 1 entities, in source file lls.vhd
    Info (12022): Found design unit 1: LLS-Behavioral
    Info (12023): Found entity 1: LLS
Info (12021): Found 2 design units, including 1 entities, in source file fsm.vhd
    Info (12022): Found design unit 1: FSM-Behavior
    Info (12023): Found entity 1: FSM
Info (12021): Found 2 design units, including 1 entities, in source file dec7segment.vhd
    Info (12022): Found design unit 1: dec7segment-Beh
    Info (12023): Found entity 1: dec7segment
Info (12021): Found 2 design units, including 1 entities, in source file ars.vhd
    Info (12022): Found design unit 1: ARS-Behavioral
    Info (12023): Found entity 1: ARS
Info (12021): Found 2 design units, including 1 entities, in source file alu.vhd
    Info (12022): Found design unit 1: alu-Behavioral
    Info (12023): Found entity 1: alu
Info (12021): Found 1 design units, including 1 entities, in source file calculator.bdf
    Info (12023): Found entity 1: Calculator
Info (12127): Elaborating entity "Calculator" for the top level hierarchy
Info (12128): Elaborating entity "MUX2X1" for hierarchy "MUX2X1:inst3"
Info (12128): Elaborating entity "Datapath" for hierarchy "Datapath:inst"
Info (12128): Elaborating entity "alu" for hierarchy "Datapath:inst|alu:inst6"
Warning (10492): VHDL Process Statement warning at ALU.vhd(30): signal "Outputt" is read inside the Process Statement but isn't in the Process Statement's sensitivity list
Warning (10492): VHDL Process Statement warning at ALU.vhd(31): signal "Outputt" is read inside the Process Statement but isn't in the Process Statement's sensitivity list
Warning (10492): VHDL Process Statement warning at ALU.vhd(33): signal "Outputt" is read inside the Process Statement but isn't in the Process Statement's sensitivity list
Warning (10492): VHDL Process Statement warning at ALU.vhd(34): signal "Outputt" is read inside the Process Statement but isn't in the Process Statement's sensitivity list
Warning (10492): VHDL Process Statement warning at ALU.vhd(36): signal "Outputt" is read inside the Process Statement but isn't in the Process Statement's sensitivity list
Warning (10492): VHDL Process Statement warning at ALU.vhd(37): signal "Outputt" is read inside the Process Statement but isn't in the Process Statement's sensitivity list
Warning (10492): VHDL Process Statement warning at ALU.vhd(39): signal "Outputt" is read inside the Process Statement but isn't in the Process Statement's sensitivity list
Warning (10492): VHDL Process Statement warning at ALU.vhd(40): signal "Outputt" is read inside the Process Statement but isn't in the Process Statement's sensitivity list
Warning (10492): VHDL Process Statement warning at ALU.vhd(42): signal "Outputt" is read inside the Process Statement but isn't in the Process Statement's sensitivity list
Warning (10492): VHDL Process Statement warning at ALU.vhd(43): signal "Outputt" is read inside the Process Statement but isn't in the Process Statement's sensitivity list
Warning (10492): VHDL Process Statement warning at ALU.vhd(45): signal "Outputt" is read inside the Process Statement but isn't in the Process Statement's sensitivity list
Warning (10492): VHDL Process Statement warning at ALU.vhd(46): signal "Outputt" is read inside the Process Statement but isn't in the Process Statement's sensitivity list
Warning (10492): VHDL Process Statement warning at ALU.vhd(48): signal "Outputt" is read inside the Process Statement but isn't in the Process Statement's sensitivity list
Warning (10492): VHDL Process Statement warning at ALU.vhd(49): signal "Outputt" is read inside the Process Statement but isn't in the Process Statement's sensitivity list
Warning (10492): VHDL Process Statement warning at ALU.vhd(51): signal "Outputt" is read inside the Process Statement but isn't in the Process Statement's sensitivity list
Warning (10492): VHDL Process Statement warning at ALU.vhd(52): signal "Outputt" is read inside the Process Statement but isn't in the Process Statement's sensitivity list
Info (12128): Elaborating entity "mux8to1" for hierarchy "Datapath:inst|mux8to1:inst"
Info (12128): Elaborating entity "register_4bit" for hierarchy "Datapath:inst|register_4bit:inst2"
Info (12128): Elaborating entity "LLS" for hierarchy "Datapath:inst|LLS:inst8"
Info (12128): Elaborating entity "LRS" for hierarchy "Datapath:inst|LRS:inst7"
Info (12128): Elaborating entity "ARS" for hierarchy "Datapath:inst|ARS:inst9"
Info (12128): Elaborating entity "mux4x2to1" for hierarchy "Datapath:inst|mux4x2to1:inst4"
Info (12128): Elaborating entity "FSM" for hierarchy "FSM:inst2"
Warning (10631): VHDL Process Statement warning at FSM.vhd(69): inferring latch(es) for signal or variable "out_state", which holds its previous value in one or more paths through the process
Info (10041): Inferred latch for "out_state[0]" at FSM.vhd(69)
Info (10041): Inferred latch for "out_state[1]" at FSM.vhd(69)
Info (10041): Inferred latch for "out_state[2]" at FSM.vhd(69)
Info (10041): Inferred latch for "out_state[3]" at FSM.vhd(69)
Info (12128): Elaborating entity "dec7segment" for hierarchy "dec7segment:inst5"
Warning (13012): Latch FSM:inst2|out_state[2] has unsafe behavior
    Warning (13013): Ports D and ENA on the latch are fed by the same signal FSM:inst2|y_present[4]
Warning (13012): Latch FSM:inst2|out_state[1] has unsafe behavior
    Warning (13013): Ports D and ENA on the latch are fed by the same signal FSM:inst2|y_present[4]
Warning (13012): Latch FSM:inst2|out_state[0] has unsafe behavior
    Warning (13013): Ports D and ENA on the latch are fed by the same signal FSM:inst2|y_present[4]
Info (13000): Registers with preset signals will power-up high
Info (13003): DEV_CLRn pin will set, and not reset, register with preset signal due to NOT Gate Push-Back
Info (286030): Timing-Driven Synthesis is running
Info (16010): Generating hard_block partition "hard_block:auto_generated_inst"
    Info (16011): Adding 0 node(s), including 0 DDIO, 0 PLL, 0 transceiver and 0 LCELL
Info (21057): Implemented 159 device resources after synthesis - the final resource count might be different
    Info (21058): Implemented 11 input pins
    Info (21059): Implemented 12 output pins
    Info (21061): Implemented 136 logic cells
Info: Quartus II 64-Bit Analysis & Synthesis was successful. 0 errors, 24 warnings
    Info: Peak virtual memory: 4654 megabytes
    Info: Processing ended: Fri May 24 16:33:29 2019
    Info: Elapsed time: 00:00:02
    Info: Total CPU time (on all processors): 00:00:02


